#
# A fatal error has been detected by the Java Runtime Environment:
#
#  SIGSEGV (0xb) at pc=0x00007fffe4d4eb5d, pid=11938, tid=0x0000000000000307
#
# JRE version: Java(TM) SE Runtime Environment (8.0_101-b13) (build 1.8.0_101-b13)
# Java VM: Java HotSpot(TM) 64-Bit Server VM (25.101-b13 mixed mode bsd-amd64 compressed oops)
# Problematic frame:
# C  [libobjc.A.dylib+0x6b5d]  objc_msgSend+0x1d
#
# Failed to write core dump. Core dumps have been disabled. To enable core dumping, try "ulimit -c unlimited" before starting Java again
#
# If you would like to submit a bug report, please visit:
#   http://bugreport.java.com/bugreport/crash.jsp
# The crash happened outside the Java Virtual Machine in native code.
# See problematic frame for where to report the bug.
#

---------------  T H R E A D  ---------------

Current thread (0x00007fdc15105000):  JavaThread "AppKit Thread" daemon [_thread_in_native, id=775, stack(0x00007fff4f6e4000,0x00007fff4fee4000)]

siginfo: si_signo: 11 (SIGSEGV), si_code: 1 (SEGV_MAPERR), si_addr: 0x0000526e00010028

Registers:
RAX=0x00007fdc137e6d60, RBX=0x00007fdc1352b270, RCX=0x00007fdc137a9940, RDX=0x00007fdc137e6d60
RSP=0x00007fff4fedf058, RBP=0x00007fff4fedf060, RSI=0x00007fffce8a40f0, RDI=0x00007fdc137a9940
R8 =0x000000000000003f, R9 =0x00007fdc13551e70, R10=0x0000526e00010010, R11=0x00007fffce8a40f0
R12=0x0000000000000000, R13=0x00007fdc13551e70, R14=0x00007fdc137e6d60, R15=0x0000000000000000
RIP=0x00007fffe4d4eb5d, EFLAGS=0x0000000000010202, ERR=0x0000000000000004
  TRAPNO=0x000000000000000e

Top of Stack: (sp=0x00007fff4fedf058)
0x00007fff4fedf058:   00007fffd0107a6c 00007fff4fedf0d0
0x00007fff4fedf068:   00007fffd010796b 0000000000000000
0x00007fff4fedf078:   00007fffee467060 00000000c2000000
0x00007fff4fedf088:   00007fffd01079c0 00007fffeadaf680
0x00007fff4fedf098:   00007fdc13551e70 00007fdc137e6d60
0x00007fff4fedf0a8:   00007fff4fedf898 00007fffe4d4eb40
0x00007fff4fedf0b8:   00007fff4fedf1a0 00007fdc13551e70
0x00007fff4fedf0c8:   00007fffce83b962 00007fff4fedf110
0x00007fff4fedf0d8:   00007fffd01076d2 00007fff4fedf6e0
0x00007fff4fedf0e8:   0000000000000001 00007fffe4d4eb40
0x00007fff4fedf0f8:   00007fff4fedf1a0 00007fff4fedf898
0x00007fff4fedf108:   00007fffce83b962 00007fff4fedf830
0x00007fff4fedf118:   00007fffd00c4d63 000000010fd3c400
0x00007fff4fedf128:   0000000000000004 000000010fd38000
0x00007fff4fedf138:   00007fdc13400000 00007fdc137144f0
0x00007fff4fedf148:   00007fffeadb0cb0 0000000000000000
0x00007fff4fedf158:   00007fdc138ad0d0 00007fdc13714501
0x00007fff4fedf168:   00007fdc1344e270 00007fffeaee30c0
0x00007fff4fedf178:   0000000000000000 0000000000000000
0x00007fff4fedf188:   0000000000000000 00007fdc136e9e50
0x00007fff4fedf198:   00007fffeadef8e0 00007fff4fedf6e0
0x00007fff4fedf1a8:   0000000000000002 0000000000000100
0x00007fff4fedf1b8:   00007fffe4d51000 00007fff4fedf5e0
0x00007fff4fedf1c8:   0000000000000000 0000000000000100
0x00007fff4fedf1d8:   00007fffd0108300 ffff8023ecbb7490
0x00007fff4fedf1e8:   00007fdc13448b70 00007fffeaee0620
0x00007fff4fedf1f8:   00007fdc13448b70 00007fff4fedf230
0x00007fff4fedf208:   00007fffd0108368 ffff8023ecbb7490
0x00007fff4fedf218:   00007fdc13448b70 00007fffeaee08a0
0x00007fff4fedf228:   00007fdc13448b70 00007fff4fedf260
0x00007fff4fedf238:   00007fffd010844b 0000000000000900
0x00007fff4fedf248:   ffff8023ec988e40 00007fdc136771c0 

Instructions: (pc=0x00007fffe4d4eb5d)
0x00007fffe4d4eb3d:   0f 1f 00 48 85 ff 2e 74 62 40 f6 c7 01 2e 75 66
0x00007fffe4d4eb4d:   49 ba f8 ff ff ff ff 7f 00 00 4c 23 17 49 89 f3
0x00007fffe4d4eb5d:   45 23 5a 18 49 c1 e3 04 4d 03 5a 10 49 3b 33 75
0x00007fffe4d4eb6d:   04 41 ff 63 08 49 83 3b 01 76 0d 49 83 c3 10 49 

Register to memory mapping:

RAX=0x00007fdc137e6d60 is an unknown value
RBX=0x00007fdc1352b270 is an unknown value
RCX=0x00007fdc137a9940 is an unknown value
RDX=0x00007fdc137e6d60 is an unknown value
RSP=0x00007fff4fedf058 is pointing into the stack for thread: 0x00007fdc15105000
RBP=0x00007fff4fedf060 is pointing into the stack for thread: 0x00007fdc15105000
RSI=0x00007fffce8a40f0: __NSStyleNameIndexTable+0xdfaa9 in /System/Library/Frameworks/AppKit.framework/Versions/C/AppKit at 0x00007fffcdbdd000
RDI=0x00007fdc137a9940 is an unknown value
R8 =0x000000000000003f is an unknown value
R9 =0x00007fdc13551e70 is an unknown value
R10=0x0000526e00010010 is an unknown value
R11=0x00007fffce8a40f0: __NSStyleNameIndexTable+0xdfaa9 in /System/Library/Frameworks/AppKit.framework/Versions/C/AppKit at 0x00007fffcdbdd000
R12=0x0000000000000000 is an unknown value
R13=0x00007fdc13551e70 is an unknown value
R14=0x00007fdc137e6d60 is an unknown value
R15=0x0000000000000000 is an unknown value


Stack: [0x00007fff4f6e4000,0x00007fff4fee4000],  sp=0x00007fff4fedf058,  free space=8172k
Native frames: (J=compiled Java code, j=interpreted, Vv=VM code, C=native code)
C  [libobjc.A.dylib+0x6b5d]  objc_msgSend+0x1d
C  [CoreFoundation+0x9d96b]  _CFXRegistrationPost+0x1ab
C  [CoreFoundation+0x9d6d2]  ___CFXNotificationPost_block_invoke+0x32
C  [CoreFoundation+0x5ad63]  -[_CFXNotificationRegistrar find:object:observer:enumerator:]+0x723
C  [CoreFoundation+0x59d9c]  _CFXNotificationPost+0x25c
C  [Foundation+0x6a37]  -[NSNotificationCenter postNotificationName:object:userInfo:]+0x42
C  [AppKit+0x24eb0a]  -[NSSurface _disposeSurface]+0x98
C  [AppKit+0x24e6b9]  -[NSSurface setWindow:]+0x35
C  [AppKit+0x289f0]  -[NSView _setWindow:]+0xa0f
C  [AppKit+0x2b61b]  -[NSView removeFromSuperview]+0x1d1
C  [AppKit+0x14cdf4]  -[NSView removeFromSuperviewWithoutNeedingDisplay]+0x26
C  [liblwjgl.dylib+0xa205]  +[MacOSXKeyableWindow destroyWindow]+0xb5
C  [Foundation+0x7188a]  __NSThreadPerformPerform+0x146
C  [CoreFoundation+0xa7981]  __CFRUNLOOP_IS_CALLING_OUT_TO_A_SOURCE0_PERFORM_FUNCTION__+0x11
C  [CoreFoundation+0x88a7d]  __CFRunLoopDoSources0+0x22d
C  [CoreFoundation+0x87f76]  __CFRunLoopRun+0x3a6
C  [CoreFoundation+0x87974]  CFRunLoopRunSpecific+0x1a4
C  [HIToolbox+0x30acc]  RunCurrentEventLoopInMode+0xf0
C  [HIToolbox+0x30901]  ReceiveNextEventCommon+0x1b0
C  [HIToolbox+0x30736]  _BlockUntilNextEventMatchingListInModeWithFilter+0x47
C  [AppKit+0x46ae4]  _DPSNextEvent+0x460
C  [AppKit+0x7c121f]  -[NSApplication(NSEvent) _nextEventMatchingEventMask:untilDate:inMode:dequeue:]+0xae5
C  [libosxapp.dylib+0x23aa]  -[NSApplicationAWT nextEventMatchingMask:untilDate:inMode:dequeue:]+0x7c
C  [AppKit+0x3b465]  -[NSApplication run]+0x39e
C  [libosxapp.dylib+0x214d]  +[NSApplicationAWT runAWTLoopWithApp:]+0x9c
C  [libawt_lwawt.dylib+0x444b3]  -[AWTStarter starter:]+0x389
C  [Foundation+0x7188a]  __NSThreadPerformPerform+0x146
C  [CoreFoundation+0xa7981]  __CFRUNLOOP_IS_CALLING_OUT_TO_A_SOURCE0_PERFORM_FUNCTION__+0x11
C  [CoreFoundation+0x88a7d]  __CFRunLoopDoSources0+0x22d
C  [CoreFoundation+0x87f76]  __CFRunLoopRun+0x3a6
C  [CoreFoundation+0x87974]  CFRunLoopRunSpecific+0x1a4
C  [java+0x6465]  CreateExecutionEnvironment+0x367
C  [java+0x218c]  JLI_Launch+0x7a0
C  [java+0x84c2]  main+0x65
C  [java+0x19e4]  start+0x34
C  0x0000000000000004


---------------  P R O C E S S  ---------------

Java Threads: ( => current thread )
  0x00007fdc1398e000 JavaThread "AWT-Shutdown" [_thread_blocked, id=60967, stack(0x000070000aa91000,0x000070000ab91000)]
=>0x00007fdc15105000 JavaThread "AppKit Thread" daemon [_thread_in_native, id=775, stack(0x00007fff4f6e4000,0x00007fff4fee4000)]
  0x00007fdc14855800 JavaThread "Service Thread" daemon [_thread_blocked, id=18691, stack(0x000070000a785000,0x000070000a885000)]
  0x00007fdc14825800 JavaThread "C1 CompilerThread2" daemon [_thread_blocked, id=18179, stack(0x000070000a682000,0x000070000a782000)]
  0x00007fdc14824000 JavaThread "C2 CompilerThread1" daemon [_thread_blocked, id=17667, stack(0x000070000a57f000,0x000070000a67f000)]
  0x00007fdc1384b000 JavaThread "C2 CompilerThread0" daemon [_thread_blocked, id=17155, stack(0x000070000a47c000,0x000070000a57c000)]
  0x00007fdc14004800 JavaThread "Signal Dispatcher" daemon [_thread_blocked, id=16643, stack(0x000070000a379000,0x000070000a479000)]
  0x00007fdc15001800 JavaThread "Finalizer" daemon [_thread_blocked, id=12291, stack(0x000070000a1f3000,0x000070000a2f3000)]
  0x00007fdc13836800 JavaThread "Reference Handler" daemon [_thread_blocked, id=11779, stack(0x000070000a0f0000,0x000070000a1f0000)]
  0x00007fdc13801000 JavaThread "main" [_thread_in_native, id=6915, stack(0x0000700009ade000,0x0000700009bde000)]

Other Threads:
  0x00007fdc13836000 VMThread [stack: 0x0000700009fed000,0x000070000a0ed000] [id=11267]
  0x00007fdc14010800 WatcherThread [stack: 0x000070000a888000,0x000070000a988000] [id=19203]

VM state:not at safepoint (normal execution)

VM Mutex/Monitor currently owned by a thread: None

Heap:
 PSYoungGen      total 38400K, used 8955K [0x0000000795580000, 0x0000000798000000, 0x00000007c0000000)
  eden space 33280K, 11% used [0x0000000795580000,0x0000000795944e28,0x0000000797600000)
  from space 5120K, 99% used [0x0000000797600000,0x0000000797af9e00,0x0000000797b00000)
  to   space 5120K, 0% used [0x0000000797b00000,0x0000000797b00000,0x0000000798000000)
 ParOldGen       total 87552K, used 4978K [0x0000000740000000, 0x0000000745580000, 0x0000000795580000)
  object space 87552K, 5% used [0x0000000740000000,0x00000007404dc838,0x0000000745580000)
 Metaspace       used 9931K, capacity 10105K, committed 10240K, reserved 1058816K
  class space    used 857K, capacity 914K, committed 1024K, reserved 1048576K

Card table byte_map: [0x0000000111992000,0x0000000111d93000] byte_map_base: 0x000000010df92000

Marking Bits: (ParMarkBitMap*) 0x0000000110eedd20
 Begin Bits: [0x0000000124e22000, 0x0000000126e22000)
 End Bits:   [0x0000000126e22000, 0x0000000128e22000)

Polling page: 0x000000010fdd9000

CodeCache: size=245760Kb used=4726Kb max_used=4737Kb free=241033Kb
 bounds [0x0000000115e22000, 0x00000001162d2000, 0x0000000124e22000]
 total_blobs=1833 nmethods=1414 adapters=333
 compilation: enabled

Compilation events (10 events):
Event: 10.538 Thread 0x00007fdc14825800 1410   !   3       org.lwjgl.opengl.Display::isCloseRequested (38 bytes)
Event: 10.538 Thread 0x00007fdc14825800 nmethod 1410 0x00000001162c0990 code [0x00000001162c0b60, 0x00000001162c1328]
Event: 10.538 Thread 0x00007fdc14825800 1411   !   3       org.lwjgl.opengl.MacOSXDisplay::isCloseRequested (26 bytes)
Event: 10.538 Thread 0x00007fdc14825800 nmethod 1411 0x00000001162c16d0 code [0x00000001162c1840, 0x00000001162c1b30]
Event: 10.538 Thread 0x00007fdc14825800 1412       3       quorum.Main::Get_Libraries_Game_Game__exitRequested_ (8 bytes)
Event: 10.538 Thread 0x00007fdc14825800 nmethod 1412 0x00000001162c1bd0 code [0x00000001162c1d40, 0x00000001162c1ef0]
Event: 10.958 Thread 0x00007fdc1384b000 1413       4       quorum.Libraries.Game.Graphics.Drawable::IsPhysicsEnabled (10 bytes)
Event: 10.960 Thread 0x00007fdc1384b000 nmethod 1413 0x0000000116252fd0 code [0x0000000116253120, 0x0000000116253198]
Event: 11.100 Thread 0x00007fdc14824000 1414       4       java.nio.DirectByteBuffer::put (18 bytes)
Event: 11.102 Thread 0x00007fdc14824000 nmethod 1414 0x00000001162c3450 code [0x00000001162c35a0, 0x00000001162c3658]

GC Heap History (2 events):
Event: 8.524 GC heap before
{Heap before GC invocations=1 (full 0):
 PSYoungGen      total 38400K, used 33280K [0x0000000795580000, 0x0000000798000000, 0x00000007c0000000)
  eden space 33280K, 100% used [0x0000000795580000,0x0000000797600000,0x0000000797600000)
  from space 5120K, 0% used [0x0000000797b00000,0x0000000797b00000,0x0000000798000000)
  to   space 5120K, 0% used [0x0000000797600000,0x0000000797600000,0x0000000797b00000)
 ParOldGen       total 87552K, used 0K [0x0000000740000000, 0x0000000745580000, 0x0000000795580000)
  object space 87552K, 0% used [0x0000000740000000,0x0000000740000000,0x0000000745580000)
 Metaspace       used 9789K, capacity 9977K, committed 10240K, reserved 1058816K
  class space    used 854K, capacity 914K, committed 1024K, reserved 1048576K
Event: 8.562 GC heap after
Heap after GC invocations=1 (full 0):
 PSYoungGen      total 38400K, used 5095K [0x0000000795580000, 0x0000000798000000, 0x00000007c0000000)
  eden space 33280K, 0% used [0x0000000795580000,0x0000000795580000,0x0000000797600000)
  from space 5120K, 99% used [0x0000000797600000,0x0000000797af9e00,0x0000000797b00000)
  to   space 5120K, 0% used [0x0000000797b00000,0x0000000797b00000,0x0000000798000000)
 ParOldGen       total 87552K, used 4978K [0x0000000740000000, 0x0000000745580000, 0x0000000795580000)
  object space 87552K, 5% used [0x0000000740000000,0x00000007404dc838,0x0000000745580000)
 Metaspace       used 9789K, capacity 9977K, committed 10240K, reserved 1058816K
  class space    used 854K, capacity 914K, committed 1024K, reserved 1048576K
}

Deoptimization events (5 events):
Event: 1.745 Thread 0x00007fdc13801000 Uncommon trap: reason=class_check action=maybe_recompile pc=0x0000000116066b7c method=plugins.quorum.Libraries.Containers.Array.GetNative(I)Lquorum/Libraries/Language/Object_; @ 8
Event: 1.745 Thread 0x00007fdc13801000 Uncommon trap: reason=class_check action=maybe_recompile pc=0x0000000116066b7c method=plugins.quorum.Libraries.Containers.Array.GetNative(I)Lquorum/Libraries/Language/Object_; @ 8
Event: 1.745 Thread 0x00007fdc13801000 Uncommon trap: reason=class_check action=maybe_recompile pc=0x0000000116066b7c method=plugins.quorum.Libraries.Containers.Array.GetNative(I)Lquorum/Libraries/Language/Object_; @ 8
Event: 1.745 Thread 0x00007fdc13801000 Uncommon trap: reason=class_check action=maybe_recompile pc=0x0000000116066b7c method=plugins.quorum.Libraries.Containers.Array.GetNative(I)Lquorum/Libraries/Language/Object_; @ 8
Event: 1.943 Thread 0x00007fdc13801000 Uncommon trap: reason=unstable_if action=reinterpret pc=0x0000000116088218 method=java.util.Vector.setSize(I)V @ 15

Internal exceptions (10 events):
Event: 0.091 Thread 0x00007fdc13801000 Exception <a 'java/lang/NoSuchMethodError': Method sun.misc.Unsafe.prefetchRead(Ljava/lang/Object;J)V name or signature does not match> (0x0000000795587fa8) thrown at [/HUDSON3/workspace/8-2-build-macosx-x86_64/jdk8u101/7261/hotspot/src/share/vm/prims/jni
Event: 0.590 Thread 0x00007fdc13801000 Exception <a 'java/security/PrivilegedActionException'> (0x00000007959f3198) thrown at [/HUDSON3/workspace/8-2-build-macosx-x86_64/jdk8u101/7261/hotspot/src/share/vm/prims/jvm.cpp, line 1386]
Event: 0.590 Thread 0x00007fdc13801000 Exception <a 'java/security/PrivilegedActionException'> (0x00000007959f3590) thrown at [/HUDSON3/workspace/8-2-build-macosx-x86_64/jdk8u101/7261/hotspot/src/share/vm/prims/jvm.cpp, line 1386]
Event: 0.592 Thread 0x00007fdc13801000 Exception <a 'java/security/PrivilegedActionException'> (0x00000007959f6a80) thrown at [/HUDSON3/workspace/8-2-build-macosx-x86_64/jdk8u101/7261/hotspot/src/share/vm/prims/jvm.cpp, line 1386]
Event: 0.592 Thread 0x00007fdc13801000 Exception <a 'java/security/PrivilegedActionException'> (0x00000007959f6e78) thrown at [/HUDSON3/workspace/8-2-build-macosx-x86_64/jdk8u101/7261/hotspot/src/share/vm/prims/jvm.cpp, line 1386]
Event: 0.675 Thread 0x00007fdc13801000 Exception <a 'java/lang/NoSuchFieldError': method resolution failed> (0x0000000795ac3dd0) thrown at [/HUDSON3/workspace/8-2-build-macosx-x86_64/jdk8u101/7261/hotspot/src/share/vm/prims/methodHandles.cpp, line 1146]
Event: 0.681 Thread 0x00007fdc13801000 Exception <a 'java/lang/NoSuchFieldError': method resolution failed> (0x0000000795ad1520) thrown at [/HUDSON3/workspace/8-2-build-macosx-x86_64/jdk8u101/7261/hotspot/src/share/vm/prims/methodHandles.cpp, line 1146]
Event: 1.202 Thread 0x00007fdc13801000 Exception <a 'java/io/FileNotFoundException'> (0x0000000795b4c878) thrown at [/HUDSON3/workspace/8-2-build-macosx-x86_64/jdk8u101/7261/hotspot/src/share/vm/prims/jni.cpp, line 709]
Event: 1.202 Thread 0x00007fdc13801000 Exception <a 'java/io/FileNotFoundException'> (0x0000000795b4d428) thrown at [/HUDSON3/workspace/8-2-build-macosx-x86_64/jdk8u101/7261/hotspot/src/share/vm/prims/jni.cpp, line 709]
Event: 1.229 Thread 0x00007fdc13801000 Exception <a 'java/lang/UnsatisfiedLinkError'> (0x0000000795b58630) thrown at [/HUDSON3/workspace/8-2-build-macosx-x86_64/jdk8u101/7261/hotspot/src/share/vm/prims/jvm.cpp, line 1390]

Events (10 events):
Event: 8.524 Executing VM operation: ParallelGCFailedAllocation
Event: 8.562 Executing VM operation: ParallelGCFailedAllocation done
Event: 9.576 loading class quorum/Libraries/Interface/Events/MouseEvent
Event: 9.576 loading class quorum/Libraries/Interface/Events/MouseEvent done
Event: 9.577 loading class quorum/Libraries/Interface/Events/MouseEvent_
Event: 9.577 loading class quorum/Libraries/Interface/Events/MouseEvent_ done
Event: 9.581 loading class quorum/Libraries/Compute/Ray
Event: 9.581 loading class quorum/Libraries/Compute/Ray done
Event: 11.096 loading class org/lwjgl/opengl/CallbackUtil
Event: 11.096 loading class org/lwjgl/opengl/CallbackUtil done


Dynamic libraries:
0x000000005ad41000 	/System/Library/Frameworks/Cocoa.framework/Versions/A/Cocoa
0x000000005ad41000 	/System/Library/Frameworks/Security.framework/Versions/A/Security
0x000000005ad41000 	/System/Library/Frameworks/ApplicationServices.framework/Versions/A/ApplicationServices
0x000000005ad41000 	/usr/lib/libz.1.dylib
0x000000005ad41000 	/usr/lib/libSystem.B.dylib
0x000000005ad41000 	/usr/lib/libobjc.A.dylib
0x000000005ad41000 	/System/Library/Frameworks/CoreFoundation.framework/Versions/A/CoreFoundation
0x000000005ad41000 	/System/Library/Frameworks/Foundation.framework/Versions/C/Foundation
0x000000005ad41000 	/System/Library/Frameworks/AppKit.framework/Versions/C/AppKit
0x000000005ad41000 	/System/Library/Frameworks/CoreData.framework/Versions/A/CoreData
0x000000005ad41000 	/System/Library/PrivateFrameworks/RemoteViewServices.framework/Versions/A/RemoteViewServices
0x000000005ad41000 	/System/Library/PrivateFrameworks/UIFoundation.framework/Versions/A/UIFoundation
0x000000005ad41000 	/System/Library/PrivateFrameworks/DFRFoundation.framework/Versions/A/DFRFoundation
0x000000005ad41000 	/usr/lib/libenergytrace.dylib
0x000000005ad41000 	/System/Library/PrivateFrameworks/SkyLight.framework/Versions/A/SkyLight
0x000000005ad41000 	/System/Library/Frameworks/CoreGraphics.framework/Versions/A/CoreGraphics
0x000000005ad41000 	/usr/lib/libScreenReader.dylib
0x000000005ad41000 	/System/Library/Frameworks/Accelerate.framework/Versions/A/Accelerate
0x000000005ad41000 	/System/Library/Frameworks/IOSurface.framework/Versions/A/IOSurface
0x000000005ad41000 	/System/Library/Frameworks/AudioToolbox.framework/Versions/A/AudioToolbox
0x000000005ad41000 	/System/Library/Frameworks/AudioUnit.framework/Versions/A/AudioUnit
0x000000005ad41000 	/System/Library/PrivateFrameworks/DataDetectorsCore.framework/Versions/A/DataDetectorsCore
0x000000005ad41000 	/System/Library/PrivateFrameworks/DesktopServicesPriv.framework/Versions/A/DesktopServicesPriv
0x000000005ad41000 	/System/Library/Frameworks/Carbon.framework/Versions/A/Frameworks/HIToolbox.framework/Versions/A/HIToolbox
0x000000005ad41000 	/usr/lib/libicucore.A.dylib
0x000000005ad41000 	/System/Library/Frameworks/QuartzCore.framework/Versions/A/QuartzCore
0x000000005ad41000 	/System/Library/Frameworks/Carbon.framework/Versions/A/Frameworks/SpeechRecognition.framework/Versions/A/SpeechRecognition
0x000000005ad41000 	/usr/lib/libauto.dylib
0x000000005ad41000 	/usr/lib/libxml2.2.dylib
0x000000005ad41000 	/System/Library/PrivateFrameworks/CoreUI.framework/Versions/A/CoreUI
0x000000005ad41000 	/System/Library/Frameworks/CoreAudio.framework/Versions/A/CoreAudio
0x000000005ad41000 	/System/Library/Frameworks/DiskArbitration.framework/Versions/A/DiskArbitration
0x000000005ad41000 	/usr/lib/liblangid.dylib
0x000000005ad41000 	/System/Library/PrivateFrameworks/MultitouchSupport.framework/Versions/A/MultitouchSupport
0x000000005ad41000 	/System/Library/Frameworks/IOKit.framework/Versions/A/IOKit
0x000000005ad41000 	/usr/lib/libDiagnosticMessagesClient.dylib
0x000000005ad41000 	/System/Library/Frameworks/CoreServices.framework/Versions/A/CoreServices
0x000000005ad41000 	/System/Library/PrivateFrameworks/PerformanceAnalysis.framework/Versions/A/PerformanceAnalysis
0x000000005ad41000 	/System/Library/PrivateFrameworks/GenerationalStorage.framework/Versions/A/GenerationalStorage
0x000000005ad41000 	/System/Library/Frameworks/OpenGL.framework/Versions/A/OpenGL
0x000000005ad41000 	/System/Library/Frameworks/CoreImage.framework/Versions/A/CoreImage
0x000000005ad41000 	/System/Library/Frameworks/CoreText.framework/Versions/A/CoreText
0x000000005ad41000 	/System/Library/Frameworks/ImageIO.framework/Versions/A/ImageIO
0x000000005ad41000 	/System/Library/PrivateFrameworks/Backup.framework/Versions/A/Backup
0x000000005ad41000 	/usr/lib/libarchive.2.dylib
0x000000005ad41000 	/System/Library/Frameworks/CFNetwork.framework/Versions/A/CFNetwork
0x000000005ad41000 	/System/Library/Frameworks/SystemConfiguration.framework/Versions/A/SystemConfiguration
0x000000005ad41000 	/usr/lib/libCRFSuite.dylib
0x000000005ad41000 	/usr/lib/libc++.1.dylib
0x000000005ad41000 	/usr/lib/libc++abi.dylib
0x000000005ad41000 	/usr/lib/system/libcache.dylib
0x000000005ad41000 	/usr/lib/system/libcommonCrypto.dylib
0x000000005ad41000 	/usr/lib/system/libcompiler_rt.dylib
0x000000005ad41000 	/usr/lib/system/libcopyfile.dylib
0x000000005ad41000 	/usr/lib/system/libcorecrypto.dylib
0x000000005ad41000 	/usr/lib/system/libdispatch.dylib
0x000000005ad41000 	/usr/lib/system/libdyld.dylib
0x000000005ad41000 	/usr/lib/system/libkeymgr.dylib
0x000000005ad41000 	/usr/lib/system/liblaunch.dylib
0x000000005ad41000 	/usr/lib/system/libmacho.dylib
0x000000005ad41000 	/usr/lib/system/libquarantine.dylib
0x000000005ad41000 	/usr/lib/system/libremovefile.dylib
0x000000005ad41000 	/usr/lib/system/libsystem_asl.dylib
0x000000005ad41000 	/usr/lib/system/libsystem_blocks.dylib
0x000000005ad41000 	/usr/lib/system/libsystem_c.dylib
0x000000005ad41000 	/usr/lib/system/libsystem_configuration.dylib
0x000000005ad41000 	/usr/lib/system/libsystem_coreservices.dylib
0x000000005ad41000 	/usr/lib/system/libsystem_coretls.dylib
0x000000005ad41000 	/usr/lib/system/libsystem_dnssd.dylib
0x000000005ad41000 	/usr/lib/system/libsystem_info.dylib
0x000000005ad41000 	/usr/lib/system/libsystem_kernel.dylib
0x000000005ad41000 	/usr/lib/system/libsystem_m.dylib
0x000000005ad41000 	/usr/lib/system/libsystem_malloc.dylib
0x000000005ad41000 	/usr/lib/system/libsystem_network.dylib
0x000000005ad41000 	/usr/lib/system/libsystem_networkextension.dylib
0x000000005ad41000 	/usr/lib/system/libsystem_notify.dylib
0x000000005ad41000 	/usr/lib/system/libsystem_platform.dylib
0x000000005ad41000 	/usr/lib/system/libsystem_pthread.dylib
0x000000005ad41000 	/usr/lib/system/libsystem_sandbox.dylib
0x000000005ad41000 	/usr/lib/system/libsystem_secinit.dylib
0x000000005ad41000 	/usr/lib/system/libsystem_symptoms.dylib
0x000000005ad41000 	/usr/lib/system/libsystem_trace.dylib
0x000000005ad41000 	/usr/lib/system/libunwind.dylib
0x000000005ad41000 	/usr/lib/system/libxpc.dylib
0x000000005ad41000 	/usr/lib/libbsm.0.dylib
0x000000005ad41000 	/usr/lib/system/libkxld.dylib
0x000000005ad41000 	/usr/lib/libcoretls.dylib
0x000000005ad41000 	/usr/lib/libcoretls_cfhelpers.dylib
0x000000005ad41000 	/usr/lib/libxar.1.dylib
0x000000005ad41000 	/usr/lib/libsqlite3.dylib
0x000000005ad41000 	/usr/lib/libpam.2.dylib
0x000000005ad41000 	/usr/lib/libOpenScriptingUtil.dylib
0x000000005ad41000 	/usr/lib/libbz2.1.0.dylib
0x000000005ad41000 	/usr/lib/liblzma.5.dylib
0x000000005ad41000 	/usr/lib/libnetwork.dylib
0x000000005ad41000 	/usr/lib/libpcap.A.dylib
0x000000005ad41000 	/System/Library/Frameworks/CoreServices.framework/Versions/A/Frameworks/FSEvents.framework/Versions/A/FSEvents
0x000000005ad41000 	/System/Library/Frameworks/CoreServices.framework/Versions/A/Frameworks/CarbonCore.framework/Versions/A/CarbonCore
0x000000005ad41000 	/System/Library/Frameworks/CoreServices.framework/Versions/A/Frameworks/Metadata.framework/Versions/A/Metadata
0x000000005ad41000 	/System/Library/Frameworks/CoreServices.framework/Versions/A/Frameworks/OSServices.framework/Versions/A/OSServices
0x000000005ad41000 	/System/Library/Frameworks/CoreServices.framework/Versions/A/Frameworks/SearchKit.framework/Versions/A/SearchKit
0x000000005ad41000 	/System/Library/Frameworks/CoreServices.framework/Versions/A/Frameworks/AE.framework/Versions/A/AE
0x000000005ad41000 	/System/Library/Frameworks/CoreServices.framework/Versions/A/Frameworks/LaunchServices.framework/Versions/A/LaunchServices
0x000000005ad41000 	/System/Library/Frameworks/CoreServices.framework/Versions/A/Frameworks/DictionaryServices.framework/Versions/A/DictionaryServices
0x000000005ad41000 	/System/Library/Frameworks/CoreServices.framework/Versions/A/Frameworks/SharedFileList.framework/Versions/A/SharedFileList
0x000000005ad41000 	/System/Library/Frameworks/NetFS.framework/Versions/A/NetFS
0x000000005ad41000 	/System/Library/PrivateFrameworks/NetAuth.framework/Versions/A/NetAuth
0x000000005ad41000 	/System/Library/PrivateFrameworks/login.framework/Versions/A/Frameworks/loginsupport.framework/Versions/A/loginsupport
0x000000005ad41000 	/System/Library/PrivateFrameworks/TCC.framework/Versions/A/TCC
0x000000005ad41000 	/usr/lib/libmecabra.dylib
0x000000005ad41000 	/System/Library/Frameworks/ApplicationServices.framework/Versions/A/Frameworks/ATS.framework/Versions/A/ATS
0x000000005ad41000 	/System/Library/Frameworks/ApplicationServices.framework/Versions/A/Frameworks/ColorSync.framework/Versions/A/ColorSync
0x000000005ad41000 	/System/Library/Frameworks/ApplicationServices.framework/Versions/A/Frameworks/HIServices.framework/Versions/A/HIServices
0x000000005ad41000 	/System/Library/Frameworks/ApplicationServices.framework/Versions/A/Frameworks/LangAnalysis.framework/Versions/A/LangAnalysis
0x000000005ad41000 	/System/Library/Frameworks/ApplicationServices.framework/Versions/A/Frameworks/PrintCore.framework/Versions/A/PrintCore
0x000000005ad41000 	/System/Library/Frameworks/ApplicationServices.framework/Versions/A/Frameworks/QD.framework/Versions/A/QD
0x000000005ad41000 	/System/Library/Frameworks/ApplicationServices.framework/Versions/A/Frameworks/SpeechSynthesis.framework/Versions/A/SpeechSynthesis
0x000000005ad41000 	/System/Library/Frameworks/Accelerate.framework/Versions/A/Frameworks/vImage.framework/Versions/A/vImage
0x000000005ad41000 	/System/Library/Frameworks/Accelerate.framework/Versions/A/Frameworks/vecLib.framework/Versions/A/vecLib
0x000000005ad41000 	/System/Library/Frameworks/Accelerate.framework/Versions/A/Frameworks/vecLib.framework/Versions/A/libvDSP.dylib
0x000000005ad41000 	/System/Library/Frameworks/Accelerate.framework/Versions/A/Frameworks/vecLib.framework/Versions/A/libBNNS.dylib
0x000000005ad41000 	/System/Library/Frameworks/Accelerate.framework/Versions/A/Frameworks/vecLib.framework/Versions/A/libQuadrature.dylib
0x000000005ad41000 	/System/Library/Frameworks/Accelerate.framework/Versions/A/Frameworks/vecLib.framework/Versions/A/libvMisc.dylib
0x000000005ad41000 	/System/Library/Frameworks/Accelerate.framework/Versions/A/Frameworks/vecLib.framework/Versions/A/libLAPACK.dylib
0x000000005ad41000 	/System/Library/Frameworks/Accelerate.framework/Versions/A/Frameworks/vecLib.framework/Versions/A/libBLAS.dylib
0x000000005ad41000 	/System/Library/Frameworks/Accelerate.framework/Versions/A/Frameworks/vecLib.framework/Versions/A/libLinearAlgebra.dylib
0x000000005ad41000 	/System/Library/Frameworks/Accelerate.framework/Versions/A/Frameworks/vecLib.framework/Versions/A/libSparseBLAS.dylib
0x000000005ad41000 	/System/Library/Frameworks/ApplicationServices.framework/Versions/A/Frameworks/ATS.framework/Versions/A/Resources/libFontParser.dylib
0x000000005ad41000 	/System/Library/Frameworks/ApplicationServices.framework/Versions/A/Frameworks/ATS.framework/Versions/A/Resources/libFontRegistry.dylib
0x000000005ad41000 	/System/Library/Frameworks/ImageIO.framework/Versions/A/Resources/libJPEG.dylib
0x000000005ad41000 	/System/Library/Frameworks/ImageIO.framework/Versions/A/Resources/libTIFF.dylib
0x000000005ad41000 	/System/Library/Frameworks/ImageIO.framework/Versions/A/Resources/libPng.dylib
0x000000005ad41000 	/System/Library/Frameworks/ImageIO.framework/Versions/A/Resources/libGIF.dylib
0x000000005ad41000 	/System/Library/Frameworks/ImageIO.framework/Versions/A/Resources/libJP2.dylib
0x000000005ad41000 	/System/Library/Frameworks/ImageIO.framework/Versions/A/Resources/libRadiance.dylib
0x000000005ad41000 	/usr/lib/libcompression.dylib
0x000000005ad41000 	/System/Library/PrivateFrameworks/AppleJPEG.framework/Versions/A/AppleJPEG
0x000000005ad41000 	/usr/lib/libcups.2.dylib
0x000000005ad41000 	/System/Library/Frameworks/Kerberos.framework/Versions/A/Kerberos
0x000000005ad41000 	/System/Library/Frameworks/GSS.framework/Versions/A/GSS
0x000000005ad41000 	/usr/lib/libresolv.9.dylib
0x000000005ad41000 	/usr/lib/libiconv.2.dylib
0x000000005ad41000 	/System/Library/PrivateFrameworks/Heimdal.framework/Versions/A/Heimdal
0x000000005ad41000 	/usr/lib/libheimdal-asn1.dylib
0x000000005ad41000 	/System/Library/Frameworks/OpenDirectory.framework/Versions/A/OpenDirectory
0x000000005ad41000 	/System/Library/PrivateFrameworks/CommonAuth.framework/Versions/A/CommonAuth
0x000000005ad41000 	/System/Library/Frameworks/OpenDirectory.framework/Versions/A/Frameworks/CFOpenDirectory.framework/Versions/A/CFOpenDirectory
0x000000005ad41000 	/System/Library/Frameworks/SecurityFoundation.framework/Versions/A/SecurityFoundation
0x000000005ad41000 	/System/Library/PrivateFrameworks/LanguageModeling.framework/Versions/A/LanguageModeling
0x000000005ad41000 	/usr/lib/libmarisa.dylib
0x000000005ad41000 	/usr/lib/libChineseTokenizer.dylib
0x000000005ad41000 	/usr/lib/libcmph.dylib
0x000000005ad41000 	/System/Library/PrivateFrameworks/CoreEmoji.framework/Versions/A/CoreEmoji
0x000000005ad41000 	/System/Library/Frameworks/ServiceManagement.framework/Versions/A/ServiceManagement
0x000000005ad41000 	/usr/lib/libxslt.1.dylib
0x000000005ad41000 	/System/Library/Frameworks/Carbon.framework/Versions/A/Frameworks/Ink.framework/Versions/A/Ink
0x000000005ad41000 	/System/Library/PrivateFrameworks/TextureIO.framework/Versions/A/TextureIO
0x000000005ad41000 	/System/Library/Frameworks/Metal.framework/Versions/A/Metal
0x000000005ad41000 	/usr/lib/libate.dylib
0x000000005ad41000 	/System/Library/PrivateFrameworks/GPUCompiler.framework/libmetal_timestamp.dylib
0x000000005ad41000 	/System/Library/Frameworks/OpenGL.framework/Versions/A/Libraries/libCoreFSCache.dylib
0x000000005ad41000 	/System/Library/PrivateFrameworks/IOAccelerator.framework/Versions/A/IOAccelerator
0x000000005ad41000 	/System/Library/Frameworks/CoreVideo.framework/Versions/A/CoreVideo
0x000000005ad41000 	/usr/lib/libFosl_dynamic.dylib
0x000000005ad41000 	/System/Library/PrivateFrameworks/MetalPerformanceShaders.framework/Versions/A/MetalPerformanceShaders
0x000000005ad41000 	/System/Library/PrivateFrameworks/FaceCore.framework/Versions/A/FaceCore
0x000000005ad41000 	/System/Library/Frameworks/OpenCL.framework/Versions/A/OpenCL
0x000000005ad41000 	/System/Library/Frameworks/OpenGL.framework/Versions/A/Libraries/libGLU.dylib
0x000000005ad41000 	/System/Library/Frameworks/OpenGL.framework/Versions/A/Libraries/libGFXShared.dylib
0x000000005ad41000 	/System/Library/Frameworks/OpenGL.framework/Versions/A/Libraries/libGL.dylib
0x000000005ad41000 	/System/Library/Frameworks/OpenGL.framework/Versions/A/Libraries/libGLImage.dylib
0x000000005ad41000 	/System/Library/Frameworks/OpenGL.framework/Versions/A/Libraries/libCVMSPluginSupport.dylib
0x000000005ad41000 	/System/Library/Frameworks/OpenGL.framework/Versions/A/Libraries/libCoreVMClient.dylib
0x000000005ad41000 	/System/Library/PrivateFrameworks/CrashReporterSupport.framework/Versions/A/CrashReporterSupport
0x000000005ad41000 	/System/Library/PrivateFrameworks/Sharing.framework/Versions/A/Sharing
0x000000005ad41000 	/System/Library/PrivateFrameworks/IconServices.framework/Versions/A/IconServices
0x000000005ad41000 	/System/Library/PrivateFrameworks/ProtocolBuffer.framework/Versions/A/ProtocolBuffer
0x000000005ad41000 	/System/Library/PrivateFrameworks/Apple80211.framework/Versions/A/Apple80211
0x000000005ad41000 	/System/Library/Frameworks/CoreWLAN.framework/Versions/A/CoreWLAN
0x000000005ad41000 	/System/Library/PrivateFrameworks/CoreUtils.framework/Versions/A/CoreUtils
0x000000005ad41000 	/System/Library/Frameworks/IOBluetooth.framework/Versions/A/IOBluetooth
0x000000005ad41000 	/System/Library/PrivateFrameworks/CoreWiFi.framework/Versions/A/CoreWiFi
0x000000005ad41000 	/System/Library/Frameworks/CoreBluetooth.framework/Versions/A/CoreBluetooth
0x000000005ad41000 	/System/Library/Frameworks/CoreDisplay.framework/Versions/A/CoreDisplay
0x000000005ad41000 	/System/Library/PrivateFrameworks/IOPresentment.framework/Versions/A/IOPresentment
0x000000005ad41000 	/System/Library/PrivateFrameworks/DebugSymbols.framework/Versions/A/DebugSymbols
0x000000005ad41000 	/System/Library/PrivateFrameworks/CoreSymbolication.framework/Versions/A/CoreSymbolication
0x000000005ad41000 	/System/Library/PrivateFrameworks/Symbolication.framework/Versions/A/Symbolication
0x000000005ad41000 	/System/Library/PrivateFrameworks/AppleFSCompression.framework/Versions/A/AppleFSCompression
0x000000005ad41000 	/System/Library/PrivateFrameworks/SpeechRecognitionCore.framework/Versions/A/SpeechRecognitionCore
0x000000005ad41000 	/System/Library/PrivateFrameworks/ChunkingLibrary.framework/Versions/A/ChunkingLibrary
0x0000000110600000 	/Library/Java/JavaVirtualMachines/jdk1.8.0_101.jdk/Contents/Home/jre/lib/server/libjvm.dylib
0x000000005ad41000 	/usr/lib/libstdc++.6.dylib
0x000000010fdcb000 	/Library/Java/JavaVirtualMachines/jdk1.8.0_101.jdk/Contents/Home/jre/lib/libverify.dylib
0x000000011159d000 	/Library/Java/JavaVirtualMachines/jdk1.8.0_101.jdk/Contents/Home/jre/lib/libjava.dylib
0x000000010fde3000 	/Library/Java/JavaVirtualMachines/jdk1.8.0_101.jdk/Contents/Home/jre/lib/libzip.dylib
0x0000000113f0d000 	/System/Library/Frameworks/JavaVM.framework/Frameworks/JavaRuntimeSupport.framework/JavaRuntimeSupport
0x0000000113f27000 	/System/Library/Frameworks/JavaVM.framework/Versions/A/Frameworks/JavaNativeFoundation.framework/Versions/A/JavaNativeFoundation
0x000000010fdec000 	/System/Library/Frameworks/JavaVM.framework/Versions/A/JavaVM
0x000000005ad41000 	/System/Library/Frameworks/Carbon.framework/Versions/A/Carbon
0x0000000113f3c000 	/System/Library/PrivateFrameworks/JavaLaunching.framework/Versions/A/JavaLaunching
0x000000005ad41000 	/System/Library/Frameworks/Carbon.framework/Versions/A/Frameworks/CommonPanels.framework/Versions/A/CommonPanels
0x000000005ad41000 	/System/Library/Frameworks/Carbon.framework/Versions/A/Frameworks/Help.framework/Versions/A/Help
0x000000005ad41000 	/System/Library/Frameworks/Carbon.framework/Versions/A/Frameworks/ImageCapture.framework/Versions/A/ImageCapture
0x000000005ad41000 	/System/Library/Frameworks/Carbon.framework/Versions/A/Frameworks/OpenScripting.framework/Versions/A/OpenScripting
0x000000005ad41000 	/System/Library/Frameworks/Carbon.framework/Versions/A/Frameworks/Print.framework/Versions/A/Print
0x000000005ad41000 	/System/Library/Frameworks/Carbon.framework/Versions/A/Frameworks/SecurityHI.framework/Versions/A/SecurityHI
0x000000011585c000 	/Users/demianschkolnik/NetBeansProjects/SaveTheAliens/Run/jni/libGameEngineCPlugins.so
0x00000001158ac000 	/Users/demianschkolnik/NetBeansProjects/SaveTheAliens/Run/jni/libfreetype.dylib
0x0000000115969000 	/Library/Java/JavaVirtualMachines/jdk1.8.0_101.jdk/Contents/Home/jre/lib/libawt.dylib
0x0000000115a11000 	/Library/Java/JavaVirtualMachines/jdk1.8.0_101.jdk/Contents/Home/jre/lib/./libmlib_image.dylib
0x0000000115add000 	/Library/Java/JavaVirtualMachines/jdk1.8.0_101.jdk/Contents/Home/jre/lib/libawt_lwawt.dylib
0x0000000115b92000 	/Library/Java/JavaVirtualMachines/jdk1.8.0_101.jdk/Contents/Home/jre/lib/./libosxapp.dylib
0x000000005ad41000 	/System/Library/Frameworks/ExceptionHandling.framework/Versions/A/ExceptionHandling
0x000000005ad41000 	/System/Library/PrivateFrameworks/CoreServicesInternal.framework/Versions/A/CoreServicesInternal
0x000000005ad41000 	/System/Library/CoreServices/RawCamera.bundle/Contents/MacOS/RawCamera
0x000000005ad41000 	/System/Library/Frameworks/Accelerate.framework/Versions/A/Frameworks/vImage.framework/Versions/A/Libraries/libCGInterfaces.dylib
0x000000005ad41000 	/System/Library/Frameworks/ApplicationServices.framework/Versions/A/Frameworks/ATS.framework/Versions/A/Resources/libTrueTypeScaler.dylib
0x000000005ad41000 	/System/Library/Frameworks/OpenGL.framework/Versions/A/Resources/GLEngine.bundle/GLEngine
0x000000005ad41000 	/System/Library/Frameworks/OpenGL.framework/Versions/A/Libraries/libGLProgrammability.dylib
0x000000012ad32000 	/System/Library/Extensions/AppleIntelHD5000GraphicsGLDriver.bundle/Contents/MacOS/AppleIntelHD5000GraphicsGLDriver
0x000000005ad41000 	/System/Library/PrivateFrameworks/GPUSupport.framework/Versions/A/Libraries/libGPUSupportMercury.dylib
0x000000005ad41000 	/System/Library/Frameworks/OpenGL.framework/Versions/A/Resources/GLRendererFloat.bundle/GLRendererFloat
0x000000005ad41000 	/System/Library/Frameworks/OpenCL.framework/Versions/A/Libraries/libcldcpuengine.dylib
0x000000005ad41000 	/usr/lib/libcrypto.0.9.8.dylib
0x000000005ad41000 	/System/Library/PrivateFrameworks/TrustEvaluationAgent.framework/Versions/A/TrustEvaluationAgent
0x000000012b491000 	/System/Library/Extensions/AppleIntelHD5000GraphicsMTLDriver.bundle/Contents/MacOS/AppleIntelHD5000GraphicsMTLDriver
0x000000005ad41000 	/System/Library/PrivateFrameworks/FamilyControls.framework/Versions/A/FamilyControls
0x000000005ad41000 	/System/Library/PrivateFrameworks/CommerceKit.framework/Versions/A/Frameworks/CommerceCore.framework/Versions/A/CommerceCore
0x000000005ad41000 	/System/Library/PrivateFrameworks/SystemAdministration.framework/Versions/A/SystemAdministration
0x000000005ad41000 	/System/Library/PrivateFrameworks/AppContainer.framework/Versions/A/AppContainer
0x000000005ad41000 	/System/Library/PrivateFrameworks/SecCodeWrapper.framework/Versions/A/SecCodeWrapper
0x000000005ad41000 	/System/Library/Frameworks/DirectoryService.framework/Versions/A/DirectoryService
0x000000005ad41000 	/System/Library/PrivateFrameworks/DiskImages.framework/Versions/A/DiskImages
0x000000005ad41000 	/System/Library/PrivateFrameworks/LoginUIKit.framework/Versions/A/Frameworks/LoginUICore.framework/Versions/A/LoginUICore
0x000000005ad41000 	/usr/lib/libCoreStorage.dylib
0x000000005ad41000 	/usr/lib/libcsfde.dylib
0x000000005ad41000 	/usr/lib/libodfde.dylib
0x000000005ad41000 	/System/Library/Frameworks/DiscRecording.framework/Versions/A/DiscRecording
0x000000005ad41000 	/usr/lib/libcurl.4.dylib
0x000000005ad41000 	/System/Library/PrivateFrameworks/MediaKit.framework/Versions/A/MediaKit
0x000000005ad41000 	/System/Library/PrivateFrameworks/ProtectedCloudStorage.framework/Versions/A/ProtectedCloudStorage
0x000000005ad41000 	/System/Library/PrivateFrameworks/EFILogin.framework/Versions/A/EFILogin
0x000000005ad41000 	/usr/lib/libutil.dylib
0x000000005ad41000 	/System/Library/Frameworks/LDAP.framework/Versions/A/LDAP
0x000000005ad41000 	/usr/lib/libsasl2.2.dylib
0x000000005ad41000 	/System/Library/PrivateFrameworks/CoreDaemon.framework/Versions/B/CoreDaemon
0x000000005ad41000 	/System/Library/PrivateFrameworks/AppleSRP.framework/Versions/A/AppleSRP
0x000000005ad41000 	/System/Library/PrivateFrameworks/APFS.framework/Versions/A/APFS
0x000000012c8b1000 	/Library/Java/JavaVirtualMachines/jdk1.8.0_101.jdk/Contents/Home/jre/lib/libfontmanager.dylib
0x000000012c918000 	/Users/demianschkolnik/NetBeansProjects/SaveTheAliens/Run/jni/liblwjgl.dylib
0x0000000129212000 	/Library/Java/JavaVirtualMachines/jdk1.8.0_101.jdk/Contents/Home/jre/lib/libjawt.dylib
0x000000005ad41000 	/System/Library/PrivateFrameworks/ViewBridge.framework/Versions/A/ViewBridge
0x000000005ad41000 	/System/Library/PrivateFrameworks/XPCService.framework/Versions/A/XPCService
0x000000005ad41000 	/System/Library/PrivateFrameworks/AppSandbox.framework/Versions/A/AppSandbox
0x000000005ad41000 	/usr/lib/libsandbox.1.dylib
0x000000005ad41000 	/usr/lib/libMatch.1.dylib

VM Arguments:
jvm_args: -Dsodbeans=1 
java_command: Run/Default.jar
java_class_path (initial): Run/Default.jar
Launcher Type: SUN_STANDARD

Environment Variables:
PATH=/usr/bin:/bin:/usr/sbin:/sbin
LD_LIBRARY_PATH=/Library/Java/JavaVirtualMachines/jdk1.8.0_101.jdk/Contents/Home/jre/lib/amd64:/Library/Java/JavaVirtualMachines/jdk1.8.0_101.jdk/Contents/Home/jre/lib/i386:
SHELL=/bin/bash

Signal Handlers:
SIGSEGV: [libjvm.dylib+0x5af145], sa_mask[0]=11111111011111110111111111111111, sa_flags=SA_ONSTACK|SA_RESTART|SA_SIGINFO
SIGBUS: [libjvm.dylib+0x5af145], sa_mask[0]=11111111011111110111111111111111, sa_flags=SA_RESTART|SA_SIGINFO
SIGFPE: [libjvm.dylib+0x48694c], sa_mask[0]=11111111011111110111111111111111, sa_flags=SA_RESTART|SA_SIGINFO
SIGPIPE: [libjvm.dylib+0x48694c], sa_mask[0]=11111111011111110111111111111111, sa_flags=SA_RESTART|SA_SIGINFO
SIGXFSZ: [libjvm.dylib+0x48694c], sa_mask[0]=11111111011111110111111111111111, sa_flags=SA_RESTART|SA_SIGINFO
SIGILL: [libjvm.dylib+0x48694c], sa_mask[0]=11111111011111110111111111111111, sa_flags=SA_RESTART|SA_SIGINFO
SIGUSR1: SIG_DFL, sa_mask[0]=00000000000000000000000000000000, sa_flags=none
SIGUSR2: [libjvm.dylib+0x48646a], sa_mask[0]=00100000000000000000000000000000, sa_flags=SA_RESTART|SA_SIGINFO
SIGHUP: [libjvm.dylib+0x484a41], sa_mask[0]=11111111011111110111111111111111, sa_flags=SA_RESTART|SA_SIGINFO
SIGINT: SIG_IGN, sa_mask[0]=00000000000000000000000000000000, sa_flags=none
SIGTERM: [libjvm.dylib+0x484a41], sa_mask[0]=11111111011111110111111111111111, sa_flags=SA_RESTART|SA_SIGINFO
SIGQUIT: [libjvm.dylib+0x484a41], sa_mask[0]=11111111011111110111111111111111, sa_flags=SA_RESTART|SA_SIGINFO


---------------  S Y S T E M  ---------------

OS:Bsduname:Darwin 16.3.0 Darwin Kernel Version 16.3.0: Thu Nov 17 20:23:58 PST 2016; root:xnu-3789.31.2~1/RELEASE_X86_64 x86_64
rlimit: STACK 8192k, CORE 0k, NPROC 709, NOFILE 10240, AS infinity
load average:4.52 3.39 2.87

CPU:total 4 (2 cores per cpu, 2 threads per core) family 6 model 69 stepping 1, cmov, cx8, fxsr, mmx, sse, sse2, sse3, ssse3, sse4.1, sse4.2, popcnt, avx, avx2, aes, clmul, erms, lzcnt, ht, tsc, tscinvbit, bmi1, bmi2

Memory: 4k page, physical 8388608k(229220k free)

/proc/meminfo:


vm_info: Java HotSpot(TM) 64-Bit Server VM (25.101-b13) for bsd-amd64 JRE (1.8.0_101-b13), built on Jun 22 2016 02:42:15 by "java_re" with gcc 4.2.1 (Based on Apple Inc. build 5658) (LLVM build 2336.11.00)

time: Tue Jul 25 10:17:29 2017
elapsed time: 11 seconds (0d 0h 0m 11s)

